This is XeTeX, Version 3.141592653-2.6-0.999993 (TeX Live 2021/Arch Linux) (preloaded format=xelatex 2021.8.14)  18 AUG 2021 11:00
entering extended mode
 restricted \write18 enabled.
 %&-line parsing enabled.
**resume/resume.tex
(./resume/resume.tex
LaTeX2e <2020-10-01> patch level 4
L3 programming layer <2021-02-18>

! LaTeX Error: File `awesome-cv.cls' not found.

Type X to quit or <RETURN> to proceed,
or enter new name. (Default extension: cls)

Enter file name: 
! Emergency stop.
<read *> 
         
l.22 ^^M
        
End of file on the terminal!

 
Here is how much of TeX's memory you used:
 21 strings out of 476919
 377 string characters out of 5827674
 292912 words of memory out of 5000000
 20122 multiletter control sequences out of 15000+600000
 403430 words of font info for 27 fonts, out of 8000000 for 9000
 1348 hyphenation exceptions out of 8191
 32i,0n,39p,100b,13s stack positions out of 5000i,500n,10000p,200000b,80000s
No pages of output.
